<?xml version="1.0" encoding="UTF-8"?>
<testng-results skipped="0" failed="0" total="2" passed="2">
  <reporter-output>
  </reporter-output>
  <suite name="Suite" duration-ms="35549" started-at="2020-08-03T05:29:57Z" finished-at="2020-08-03T05:30:33Z">
    <groups>
    </groups>
    <test name="ChromeTest" duration-ms="27136" started-at="2020-08-03T05:29:57Z" finished-at="2020-08-03T05:30:25Z">
      <class name="Org.qsp.TestNGDemo.ParallelDemo">
        <test-method status="PASS" signature="bM(java.lang.String)[pri:0, instance:Org.qsp.TestNGDemo.ParallelDemo@3c5a99da]" name="bM" is-config="true" duration-ms="8022" started-at="2020-08-03T10:59:57Z" finished-at="2020-08-03T11:00:05Z">
          <params>
            <param index="0">
              <value>
                <![CDATA[chrome]]>
              </value>
            </param>
          </params>
          <reporter-output>
          </reporter-output>
        </test-method> <!-- bM -->
        <test-method status="PASS" signature="m()[pri:0, instance:Org.qsp.TestNGDemo.ParallelDemo@3c5a99da]" name="m" duration-ms="19087" started-at="2020-08-03T11:00:05Z" finished-at="2020-08-03T11:00:25Z">
          <reporter-output>
          </reporter-output>
        </test-method> <!-- m -->
      </class> <!-- Org.qsp.TestNGDemo.ParallelDemo -->
    </test> <!-- ChromeTest -->
    <test name="FirefoxTest" duration-ms="35549" started-at="2020-08-03T05:29:57Z" finished-at="2020-08-03T05:30:33Z">
      <class name="Org.qsp.TestNGDemo.ParallelDemo">
        <test-method status="PASS" signature="bM(java.lang.String)[pri:0, instance:Org.qsp.TestNGDemo.ParallelDemo@34340fab]" name="bM" is-config="true" duration-ms="9808" started-at="2020-08-03T10:59:57Z" finished-at="2020-08-03T11:00:07Z">
          <params>
            <param index="0">
              <value>
                <![CDATA[firefox]]>
              </value>
            </param>
          </params>
          <reporter-output>
          </reporter-output>
        </test-method> <!-- bM -->
        <test-method status="PASS" signature="m()[pri:0, instance:Org.qsp.TestNGDemo.ParallelDemo@34340fab]" name="m" duration-ms="25715" started-at="2020-08-03T11:00:07Z" finished-at="2020-08-03T11:00:33Z">
          <reporter-output>
          </reporter-output>
        </test-method> <!-- m -->
      </class> <!-- Org.qsp.TestNGDemo.ParallelDemo -->
    </test> <!-- FirefoxTest -->
  </suite> <!-- Suite -->
</testng-results>
